<?xml version="1.0" encoding="UTF-8"?>
<!-- Generated by org.testng.reporters.JUnitReportReporter -->
<testsuite hostname="IPP" failures="0" tests="1" name="com.artifact1.PT_Altech_Omega_Andalan" time="9.273" errors="0" timestamp="2024-09-30T11:49:24 ICT" skipped="0">
  <testcase classname="com.artifact1.PT_Altech_Omega_Andalan" name="test" time="9.273"/>
</testsuite> <!-- com.artifact1.PT_Altech_Omega_Andalan -->
