<?xml version="1.0" encoding="UTF-8"?>
<!-- Generated by org.testng.reporters.JUnitReportReporter -->
<testsuite hostname="IPP" failures="0" tests="1" name="com.artifact1.satu" time="149.166" errors="0" timestamp="2024-09-26T20:03:46 ICT" skipped="0">
  <testcase classname="com.artifact1.satu" name="test" time="149.166"/>
</testsuite> <!-- com.artifact1.satu -->
